<?xml version="1.0" encoding="UTF-8"?>
<!-- Generated by org.testng.reporters.JUnitReportReporter -->
<testsuite skipped="0" hostname="LAPTOP-9KKEIR94" name="Test.TestCareer" tests="1" failures="0" timestamp="2022-04-27T20:06:04 EDT" time="52.689" errors="0">
  <testcase name="lCTestCarrer" time="52.689" classname="Test.TestCareer"/>
  <system-out/>
</testsuite> <!-- Test.TestCareer -->
